2024.01.26 20:02:29 INFO  Started: Metals version 1.2.0 in folders '/home/dgc7/proyectos/java/helloWorld/api' for client Code - OSS 1.82.2.[0m
2024.01.26 20:02:32 WARN  Build server is not auto-connectable.[0m
2024.01.26 20:02:32 WARN  no build target for: /home/dgc7/proyectos/java/helloWorld/api/src/main/java/com/example/api/models/Item.java[0m
2024.01.26 20:02:32 WARN  no build target for: /home/dgc7/proyectos/java/helloWorld/api/src/main/java/com/example/api/models/Invoice.java[0m
2024.01.26 20:02:32 WARN  no build target for: /home/dgc7/proyectos/java/helloWorld/api/src/main/java/com/example/api/controller/invoiceController.java[0m
2024.01.26 20:02:36 INFO  time: code lens generation in 4.26s[0m
2024.01.26 20:02:36 INFO  time: code lens generation in 1.15s[0m
2024.01.26 20:02:42 INFO  no build target found for /home/dgc7/proyectos/java/helloWorld/api/src/main/java/com/example/api/controller/invoiceController.java. Using presentation compiler with project's scala-library version: 3.3.1[0m
Jan 26, 2024 8:02:44 PM scala.meta.internal.pc.CompilerAccess handleError
SEVERE: A severe compiler error occurred, full details of the error can be found in the error report /home/dgc7/proyectos/java/helloWorld/api/.metals/.reports/metals-full/2024-01-26/r_compiler-error_20-02-44-256.md
Jan 26, 2024 8:02:45 PM scala.meta.internal.pc.CompilerAccess handleError
SEVERE: A severe compiler error occurred, full details of the error can be found in the error report /home/dgc7/proyectos/java/helloWorld/api/.metals/.reports/metals-full/2024-01-26/r_compiler-error_20-02-45-244.md
2024.01.26 20:03:09 WARN  no build target for: /home/dgc7/proyectos/java/helloWorld/api/src/main/java/com/example/api/models/Item.java[0m
Jan 26, 2024 8:03:09 PM org.eclipse.lsp4j.jsonrpc.RemoteEndpoint handleCancellation
WARNING: Unmatched cancel notification for request id 14
Jan 26, 2024 8:03:09 PM scala.meta.internal.pc.CompilerAccess handleError
SEVERE: A severe compiler error occurred, full details of the error can be found in the error report /home/dgc7/proyectos/java/helloWorld/api/.metals/.reports/metals-full/2024-01-26/r_compiler-error_20-03-09-704.md
Jan 26, 2024 8:03:10 PM scala.meta.internal.pc.CompilerAccess handleError
SEVERE: A severe compiler error occurred, full details of the error can be found in the error report /home/dgc7/proyectos/java/helloWorld/api/.metals/.reports/metals-full/2024-01-26/r_compiler-error_20-03-10-525.md
Jan 26, 2024 8:03:10 PM scala.meta.internal.pc.CompilerAccess handleError
SEVERE: A severe compiler error occurred, full details of the error can be found in the error report /home/dgc7/proyectos/java/helloWorld/api/.metals/.reports/metals-full/2024-01-26/r_compiler-error_20-03-10-657.md
Jan 26, 2024 8:03:15 PM scala.meta.internal.pc.CompilerAccess handleError
SEVERE: A severe compiler error occurred, full details of the error can be found in the error report /home/dgc7/proyectos/java/helloWorld/api/.metals/.reports/metals-full/2024-01-26/r_compiler-error_20-03-15-301.md
Jan 26, 2024 8:03:19 PM scala.meta.internal.pc.CompilerAccess handleError
SEVERE: A severe compiler error occurred, full details of the error can be found in the error report /home/dgc7/proyectos/java/helloWorld/api/.metals/.reports/metals-full/2024-01-26/r_compiler-error_20-03-19-140.md
Jan 26, 2024 8:03:20 PM scala.meta.internal.pc.CompilerAccess handleError
SEVERE: A severe compiler error occurred, full details of the error can be found in the error report /home/dgc7/proyectos/java/helloWorld/api/.metals/.reports/metals-full/2024-01-26/r_compiler-error_20-03-20-243.md
